10:12:59.843  异常信息：Unable to connect to any of the specified MySQL hosts.
  堆栈信息:   在 FishBll.MySqlHelper.Query(String SQLString) 位置 D:\鱼粉饲料系统\项目源码\FishSolution\FishBLL\MySqlHelper.cs:行号 343
   在 FishBll.Dao.RemindDao.GetRemind(String where) 位置 D:\鱼粉饲料系统\项目源码\FishSolution\FishBLL\Dao\RemindDao.cs:行号 19
   在 FishClient.AnnouncementThread.GetCustomer() 位置 D:\鱼粉饲料系统\项目源码\FishSolution\FishClient\AnnouncementThread.cs:行号 81
10:31:21.083  异常信息：未将对象引用设置到对象的实例。
  堆栈信息:   在 FishClient.UserManager.SaveUser(PersonEntity user) 位置 D:\练习\项目源码\FishSolution\FishClient\UserManager.cs:行号 133
10:34:14.324  异常信息：Unable to connect to any of the specified MySQL hosts.
  堆栈信息:   在 FishBll.MySqlHelper.Query(String SQLString) 位置 D:\鱼粉饲料系统\项目源码\FishSolution\FishBLL\MySqlHelper.cs:行号 343
   在 FishBll.Dao.RemindDao.GetRemind(String where) 位置 D:\鱼粉饲料系统\项目源码\FishSolution\FishBLL\Dao\RemindDao.cs:行号 19
   在 FishClient.AnnouncementThread.GetCustomer() 位置 D:\练习\项目源码\FishSolution\FishClient\AnnouncementThread.cs:行号 81
14:01:26.625  异常信息：Unable to connect to any of the specified MySQL hosts.
  堆栈信息:   在 FishBll.MySqlHelper.Query(String SQLString) 位置 D:\鱼粉饲料系统\项目源码\FishSolution\FishBLL\MySqlHelper.cs:行号 343
   在 FishBll.Dao.RemindDao.GetRemind(String where) 位置 D:\鱼粉饲料系统\项目源码\FishSolution\FishBLL\Dao\RemindDao.cs:行号 19
   在 FishClient.AnnouncementThread.GetCustomer() 位置 D:\练习\项目源码\FishSolution\FishClient\AnnouncementThread.cs:行号 81
14:39:04.947  异常信息：未将对象引用设置到对象的实例。
  堆栈信息:   在 FishClient.UserManager.SaveUser(PersonEntity user) 位置 D:\练习\项目源码\FishSolution\FishClient\UserManager.cs:行号 133
14:39:07.327  异常信息：未将对象引用设置到对象的实例。
  堆栈信息:   在 FishClient.UserManager.SaveUser(PersonEntity user) 位置 D:\练习\项目源码\FishSolution\FishClient\UserManager.cs:行号 133
14:39:15.317  异常信息：未将对象引用设置到对象的实例。
  堆栈信息:   在 FishClient.UserManager.SaveUser(PersonEntity user) 位置 D:\练习\项目源码\FishSolution\FishClient\UserManager.cs:行号 133
14:39:15.597  异常信息：未将对象引用设置到对象的实例。
  堆栈信息:   在 FishClient.UserManager.SaveUser(PersonEntity user) 位置 D:\练习\项目源码\FishSolution\FishClient\UserManager.cs:行号 133
