10:30:37.591  异常信息：未将对象引用设置到对象的实例。
  堆栈信息:   在 FishClient.UserManager.SaveUser(PersonEntity user) 位置 D:\练习\FishSolution\FishClient\UserManager.cs:行号 133
10:33:15.879  异常信息：Fatal error encountered during command execution.
  堆栈信息:   在 MySql.Data.MySqlClient.MySqlCommand.ExecuteReader(CommandBehavior behavior)
   在 MySql.Data.MySqlClient.MySqlCommand.ExecuteNonQuery()
   在 FishBll.MySqlHelper.ExecuteSqlTran(Hashtable SQLStringList) 位置 D:\练习\FishSolution\FishBLL\MySqlHelper.cs:行号 821
10:33:25.507  异常信息：Fatal error encountered during command execution.
  堆栈信息:   在 MySql.Data.MySqlClient.MySqlCommand.ExecuteReader(CommandBehavior behavior)
   在 MySql.Data.MySqlClient.MySqlCommand.ExecuteNonQuery()
   在 FishBll.MySqlHelper.ExecuteSqlTran(Hashtable SQLStringList) 位置 D:\练习\FishSolution\FishBLL\MySqlHelper.cs:行号 821
10:33:30.287  异常信息：Fatal error encountered during command execution.
  堆栈信息:   在 MySql.Data.MySqlClient.MySqlCommand.ExecuteReader(CommandBehavior behavior)
   在 MySql.Data.MySqlClient.MySqlCommand.ExecuteNonQuery()
   在 FishBll.MySqlHelper.ExecuteSqlTran(Hashtable SQLStringList) 位置 D:\练习\FishSolution\FishBLL\MySqlHelper.cs:行号 821
10:33:35.095  异常信息：Fatal error encountered during command execution.
  堆栈信息:   在 MySql.Data.MySqlClient.MySqlCommand.ExecuteReader(CommandBehavior behavior)
   在 MySql.Data.MySqlClient.MySqlCommand.ExecuteNonQuery()
   在 FishBll.MySqlHelper.ExecuteSqlTran(Hashtable SQLStringList) 位置 D:\练习\FishSolution\FishBLL\MySqlHelper.cs:行号 821
10:34:14.274  异常信息：Fatal error encountered during command execution.
  堆栈信息:   在 MySql.Data.MySqlClient.MySqlCommand.ExecuteReader(CommandBehavior behavior)
   在 MySql.Data.MySqlClient.MySqlCommand.ExecuteNonQuery()
   在 FishBll.MySqlHelper.ExecuteSqlTran(Hashtable SQLStringList) 位置 D:\练习\FishSolution\FishBLL\MySqlHelper.cs:行号 821
10:34:36.384  异常信息：Fatal error encountered during command execution.
  堆栈信息:   在 MySql.Data.MySqlClient.MySqlCommand.ExecuteReader(CommandBehavior behavior)
   在 MySql.Data.MySqlClient.MySqlCommand.ExecuteNonQuery()
   在 FishBll.MySqlHelper.ExecuteSqlTran(Hashtable SQLStringList) 位置 D:\练习\FishSolution\FishBLL\MySqlHelper.cs:行号 821
10:35:10.800  异常信息：Fatal error encountered during command execution.
  堆栈信息:   在 MySql.Data.MySqlClient.MySqlCommand.ExecuteReader(CommandBehavior behavior)
   在 MySql.Data.MySqlClient.MySqlCommand.ExecuteNonQuery()
   在 FishBll.MySqlHelper.ExecuteSqlTran(Hashtable SQLStringList) 位置 D:\练习\FishSolution\FishBLL\MySqlHelper.cs:行号 821
10:41:05.278  异常信息：Fatal error encountered during command execution.
  堆栈信息:   在 MySql.Data.MySqlClient.MySqlCommand.ExecuteReader(CommandBehavior behavior)
   在 MySql.Data.MySqlClient.MySqlCommand.ExecuteNonQuery()
   在 FishBll.MySqlHelper.ExecuteSqlTran(Hashtable SQLStringList) 位置 D:\练习\FishSolution\FishBLL\MySqlHelper.cs:行号 821
10:41:46.733  异常信息：Fatal error encountered during command execution.
  堆栈信息:   在 MySql.Data.MySqlClient.MySqlCommand.ExecuteReader(CommandBehavior behavior)
   在 MySql.Data.MySqlClient.MySqlCommand.ExecuteNonQuery()
   在 FishBll.MySqlHelper.ExecuteSqlTran(Hashtable SQLStringList) 位置 D:\练习\FishSolution\FishBLL\MySqlHelper.cs:行号 821
10:47:48.616  异常信息：Fatal error encountered during command execution.
  堆栈信息:   在 MySql.Data.MySqlClient.MySqlCommand.ExecuteReader(CommandBehavior behavior)
   在 MySql.Data.MySqlClient.MySqlCommand.ExecuteNonQuery()
   在 FishBll.MySqlHelper.ExecuteSqlTran(Hashtable SQLStringList) 位置 D:\练习\FishSolution\FishBLL\MySqlHelper.cs:行号 821
10:53:22.196  异常信息：Fatal error encountered during command execution.
  堆栈信息:   在 MySql.Data.MySqlClient.MySqlCommand.ExecuteReader(CommandBehavior behavior)
   在 MySql.Data.MySqlClient.MySqlCommand.ExecuteNonQuery()
   在 FishBll.MySqlHelper.ExecuteSqlTran(Hashtable SQLStringList) 位置 D:\练习\FishSolution\FishBLL\MySqlHelper.cs:行号 821
10:53:49.245  异常信息：Fatal error encountered during command execution.
  堆栈信息:   在 MySql.Data.MySqlClient.MySqlCommand.ExecuteReader(CommandBehavior behavior)
   在 MySql.Data.MySqlClient.MySqlCommand.ExecuteNonQuery()
   在 FishBll.MySqlHelper.ExecuteSqlTran(Hashtable SQLStringList) 位置 D:\练习\FishSolution\FishBLL\MySqlHelper.cs:行号 821
10:54:18.878  异常信息：Fatal error encountered during command execution.
  堆栈信息:   在 MySql.Data.MySqlClient.MySqlCommand.ExecuteReader(CommandBehavior behavior)
   在 MySql.Data.MySqlClient.MySqlCommand.ExecuteNonQuery()
   在 FishBll.MySqlHelper.ExecuteSqlTran(Hashtable SQLStringList) 位置 D:\练习\FishSolution\FishBLL\MySqlHelper.cs:行号 821
