10:45:04.032  异常信息：未将对象引用设置到对象的实例。
  堆栈信息:   在 FishClient.UserManager.SaveUser(PersonEntity user) 位置 D:\练习\FishSolution\FishClient\UserManager.cs:行号 133
10:45:06.750  异常信息：未将对象引用设置到对象的实例。
  堆栈信息:   在 FishClient.UserManager.SaveUser(PersonEntity user) 位置 D:\练习\FishSolution\FishClient\UserManager.cs:行号 133
10:57:05.683  异常信息：未将对象引用设置到对象的实例。
  堆栈信息:   在 FishClient.UserManager.SaveUser(PersonEntity user) 位置 D:\练习\FishSolution\FishClient\UserManager.cs:行号 133
11:30:55.610  异常信息：未将对象引用设置到对象的实例。
  堆栈信息:   在 FishClient.UserManager.SaveUser(PersonEntity user) 位置 D:\练习\FishSolution\FishClient\UserManager.cs:行号 133
11:42:47.712  异常信息：未将对象引用设置到对象的实例。
  堆栈信息:   在 FishClient.UserManager.SaveUser(PersonEntity user) 位置 D:\练习\FishSolution\FishClient\UserManager.cs:行号 133
13:08:43.718  异常信息：未将对象引用设置到对象的实例。
  堆栈信息:   在 FishClient.UserManager.SaveUser(PersonEntity user) 位置 D:\练习\FishSolution\FishClient\UserManager.cs:行号 133
13:30:38.847  异常信息：未将对象引用设置到对象的实例。
  堆栈信息:   在 FishClient.UserManager.SaveUser(PersonEntity user) 位置 D:\练习\FishSolution\FishClient\UserManager.cs:行号 133
13:42:13.583  异常信息：未将对象引用设置到对象的实例。
  堆栈信息:   在 FishClient.UserManager.SaveUser(PersonEntity user) 位置 D:\练习\FishSolution\FishClient\UserManager.cs:行号 133
13:45:04.579  异常信息：Timeout in IO operation
  堆栈信息:   在 MySql.Data.MySqlClient.TimedStream.StopTimer()
   在 MySql.Data.MySqlClient.TimedStream.Read(Byte[] buffer, Int32 offset, Int32 count)
   在 System.IO.BufferedStream.Read(Byte[] array, Int32 offset, Int32 count)
   在 MySql.Data.MySqlClient.MySqlStream.ReadFully(Stream stream, Byte[] buffer, Int32 offset, Int32 count)
   在 MySql.Data.MySqlClient.MySqlStream.LoadPacket()
   在 MySql.Data.MySqlClient.MySqlStream.ReadPacket()
   在 MySql.Data.MySqlClient.NativeDriver.ReadOk(Boolean read)
   在 MySql.Data.MySqlClient.Driver.SetDatabase(String dbName)
   在 MySql.Data.MySqlClient.MySqlConnection.ChangeDatabase(String databaseName)
   在 MySql.Data.MySqlClient.MySqlConnection.Open()
   在 FishBll.MySqlHelper.Query(String SQLString) 位置 D:\练习\FishSolution\FishBLL\MySqlHelper.cs:行号 293
   在 FishBll.Dao.RemindDao.GetRemind(String where) 位置 D:\练习\FishSolution\FishBLL\Dao\RemindDao.cs:行号 19
   在 FishBll.Bll.RemindBll.GetRemind(String where) 位置 D:\练习\FishSolution\FishBLL\Bll\RemindBll.cs:行号 12
   在 FishClient.AnnouncementThread.GetCustomer() 位置 D:\练习\FishSolution\FishClient\AnnouncementThread.cs:行号 81
13:49:20.640  异常信息：未将对象引用设置到对象的实例。
  堆栈信息:   在 FishClient.UserManager.SaveUser(PersonEntity user) 位置 D:\练习\FishSolution\FishClient\UserManager.cs:行号 133
13:49:22.801  异常信息：未将对象引用设置到对象的实例。
  堆栈信息:   在 FishClient.UserManager.SaveUser(PersonEntity user) 位置 D:\练习\FishSolution\FishClient\UserManager.cs:行号 133
13:58:53.453  异常信息：未将对象引用设置到对象的实例。
  堆栈信息:   在 FishClient.UserManager.SaveUser(PersonEntity user) 位置 D:\练习\FishSolution\FishClient\UserManager.cs:行号 133
13:59:43.509  异常信息：未将对象引用设置到对象的实例。
  堆栈信息:   在 FishClient.UserManager.SaveUser(PersonEntity user) 位置 D:\练习\FishSolution\FishClient\UserManager.cs:行号 133
13:59:45.337  异常信息：未将对象引用设置到对象的实例。
  堆栈信息:   在 FishClient.UserManager.SaveUser(PersonEntity user) 位置 D:\练习\FishSolution\FishClient\UserManager.cs:行号 133
13:59:47.508  异常信息：未将对象引用设置到对象的实例。
  堆栈信息:   在 FishClient.UserManager.SaveUser(PersonEntity user) 位置 D:\练习\FishSolution\FishClient\UserManager.cs:行号 133
15:18:28.587  异常信息：未将对象引用设置到对象的实例。
  堆栈信息:   在 FishClient.UserManager.SaveUser(PersonEntity user) 位置 D:\练习\FishSolution\FishClient\UserManager.cs:行号 133
17:27:59.162  异常信息：未将对象引用设置到对象的实例。
  堆栈信息:   在 FishClient.UserManager.SaveUser(PersonEntity user) 位置 D:\练习\FishSolution\FishClient\UserManager.cs:行号 133
18:42:10.136  异常信息：未将对象引用设置到对象的实例。
  堆栈信息:   在 FishClient.UserManager.SaveUser(PersonEntity user) 位置 D:\练习\FishSolution\FishClient\UserManager.cs:行号 133
18:42:14.310  异常信息：未将对象引用设置到对象的实例。
  堆栈信息:   在 FishClient.UserManager.SaveUser(PersonEntity user) 位置 D:\练习\FishSolution\FishClient\UserManager.cs:行号 133
