10:17:05.391  异常信息：未将对象引用设置到对象的实例。
  堆栈信息:   在 FishClient.UserManager.SaveUser(PersonEntity user) 位置 E:\工作\源代码\zhengdong_06.07\FishClient\UserManager.cs:行号 133
10:54:38.049  异常信息：未将对象引用设置到对象的实例。
  堆栈信息:   在 FishClient.UserManager.SaveUser(PersonEntity user) 位置 E:\工作\源代码\zhengdong_06.07\FishClient\UserManager.cs:行号 133
11:07:37.303  异常信息：由于连接方在一段时间后没有正确答复或连接的主机没有反应，连接尝试失败。
  堆栈信息:   在 MySql.Data.Common.MyNetworkStream.HandleOrRethrowException(Exception e)
   在 MySql.Data.Common.MyNetworkStream.Read(Byte[] buffer, Int32 offset, Int32 count)
   在 MySql.Data.MySqlClient.TimedStream.Read(Byte[] buffer, Int32 offset, Int32 count)
   在 System.IO.BufferedStream.Read(Byte[] array, Int32 offset, Int32 count)
   在 MySql.Data.MySqlClient.MySqlStream.ReadFully(Stream stream, Byte[] buffer, Int32 offset, Int32 count)
   在 MySql.Data.MySqlClient.MySqlStream.LoadPacket()
   在 MySql.Data.MySqlClient.MySqlStream.ReadPacket()
   在 MySql.Data.MySqlClient.NativeDriver.ReadOk(Boolean read)
   在 MySql.Data.MySqlClient.Driver.SetDatabase(String dbName)
   在 MySql.Data.MySqlClient.MySqlConnection.ChangeDatabase(String databaseName)
   在 MySql.Data.MySqlClient.MySqlConnection.Open()
   在 FishBll.MySqlHelper.Query(String SQLString) 位置 E:\工作\源代码\zhengdong_06.07\FishBLL\MySqlHelper.cs:行号 311
   在 FishBll.Dao.SetReviewDao.modelList(String userName, String strWhere) 位置 E:\工作\源代码\zhengdong_06.07\FishBLL\Dao\SetReviewDao.cs:行号 522
   在 FishBll.Bll.SetReviewBll.modelList(String userName, String strWhere) 位置 E:\工作\源代码\zhengdong_06.07\FishBLL\Bll\SetReviewBll.cs:行号 60
   在 FishClient.AnnouncementRemindThread.getModelList() 位置 E:\工作\源代码\zhengdong_06.07\FishClient\AnnouncementRemindThread.cs:行号 85
11:15:34.972  异常信息：未将对象引用设置到对象的实例。
  堆栈信息:   在 FishClient.UserManager.SaveUser(PersonEntity user) 位置 E:\工作\源代码\zhengdong_06.07\FishClient\UserManager.cs:行号 133
14:08:20.167  异常信息：未将对象引用设置到对象的实例。
  堆栈信息:   在 FishClient.UserManager.SaveUser(PersonEntity user) 位置 E:\工作\源代码\zhengdong_06.07新\FishClient\UserManager.cs:行号 133
