10:48:22.206  异常信息：Timeout in IO operation
  堆栈信息:   在 MySql.Data.MySqlClient.TimedStream.StopTimer()
   在 MySql.Data.MySqlClient.TimedStream.Read(Byte[] buffer, Int32 offset, Int32 count)
   在 System.IO.BufferedStream.Read(Byte[] array, Int32 offset, Int32 count)
   在 MySql.Data.MySqlClient.MySqlStream.ReadFully(Stream stream, Byte[] buffer, Int32 offset, Int32 count)
   在 MySql.Data.MySqlClient.MySqlStream.LoadPacket()
   在 MySql.Data.MySqlClient.MySqlStream.ReadPacket()
   在 MySql.Data.MySqlClient.NativeDriver.ReadOk(Boolean read)
   在 MySql.Data.MySqlClient.Driver.SetDatabase(String dbName)
   在 MySql.Data.MySqlClient.MySqlConnection.ChangeDatabase(String databaseName)
   在 MySql.Data.MySqlClient.MySqlConnection.Open()
   在 FishBll.MySqlHelper.Query(String SQLString) 位置 C:\Users\Administrator\Desktop\zhengdong\FishBLL\MySqlHelper.cs:行号 311
   在 FishBll.Dao.RemindDao.GetRemind(String where) 位置 C:\Users\Administrator\Desktop\zhengdong\FishBLL\Dao\RemindDao.cs:行号 19
   在 FishBll.Bll.RemindBll.GetRemind(String where) 位置 C:\Users\Administrator\Desktop\zhengdong\FishBLL\Bll\RemindBll.cs:行号 12
   在 FishClient.AnnouncementThread.GetCustomer() 位置 C:\Users\Administrator\Desktop\zhengdong\FishClient\AnnouncementThread.cs:行号 81
11:26:07.430  异常信息：未将对象引用设置到对象的实例。
  堆栈信息:   在 FishClient.UserManager.SaveUser(PersonEntity user) 位置 C:\Users\Administrator\Desktop\zhengdong\FishClient\UserManager.cs:行号 133
16:22:12.361  异常信息：Fatal error encountered during command execution.
  堆栈信息:   在 MySql.Data.MySqlClient.MySqlCommand.ExecuteReader(CommandBehavior behavior)
   在 MySql.Data.MySqlClient.MySqlCommand.ExecuteNonQuery()
   在 FishBll.MySqlHelper.ExecuteSqlTran(Hashtable SQLStringList) 位置 C:\Users\Administrator\Desktop\zhengdong\FishBLL\MySqlHelper.cs:行号 857
16:22:18.314  异常信息：Fatal error encountered during command execution.
  堆栈信息:   在 MySql.Data.MySqlClient.MySqlCommand.ExecuteReader(CommandBehavior behavior)
   在 MySql.Data.MySqlClient.MySqlCommand.ExecuteNonQuery()
   在 FishBll.MySqlHelper.ExecuteSqlTran(Hashtable SQLStringList) 位置 C:\Users\Administrator\Desktop\zhengdong\FishBLL\MySqlHelper.cs:行号 857
16:22:23.422  异常信息：Fatal error encountered during command execution.
  堆栈信息:   在 MySql.Data.MySqlClient.MySqlCommand.ExecuteReader(CommandBehavior behavior)
   在 MySql.Data.MySqlClient.MySqlCommand.ExecuteNonQuery()
   在 FishBll.MySqlHelper.ExecuteSqlTran(Hashtable SQLStringList) 位置 C:\Users\Administrator\Desktop\zhengdong\FishBLL\MySqlHelper.cs:行号 857
16:29:14.668  异常信息：Fatal error encountered during command execution.
  堆栈信息:   在 MySql.Data.MySqlClient.MySqlCommand.ExecuteReader(CommandBehavior behavior)
   在 MySql.Data.MySqlClient.MySqlCommand.ExecuteNonQuery()
   在 FishBll.MySqlHelper.ExecuteSqlTran(Hashtable SQLStringList) 位置 C:\Users\Administrator\Desktop\zhengdong\FishBLL\MySqlHelper.cs:行号 857
16:33:30.033  异常信息：Timeout expired.  The timeout period elapsed prior to completion of the operation or the server is not responding.
  堆栈信息:   在 FishBll.MySqlHelper.Query(String SQLString) 位置 C:\Users\Administrator\Desktop\zhengdong\FishBLL\MySqlHelper.cs:行号 326
   在 FishBll.Dao.SetReviewDao.modelList(String userName, String strWhere) 位置 C:\Users\Administrator\Desktop\zhengdong\FishBLL\Dao\SetReviewDao.cs:行号 522
   在 FishBll.Bll.SetReviewBll.modelList(String userName, String strWhere) 位置 C:\Users\Administrator\Desktop\zhengdong\FishBLL\Bll\SetReviewBll.cs:行号 60
   在 FishClient.AnnouncementRemindThread.getModelList() 位置 C:\Users\Administrator\Desktop\zhengdong\FishClient\AnnouncementRemindThread.cs:行号 85
16:36:27.056  异常信息：Fatal error encountered during command execution.
  堆栈信息:   在 MySql.Data.MySqlClient.MySqlCommand.ExecuteReader(CommandBehavior behavior)
   在 MySql.Data.MySqlClient.MySqlCommand.ExecuteNonQuery()
   在 FishBll.MySqlHelper.ExecuteSqlTran(Hashtable SQLStringList) 位置 C:\Users\Administrator\Desktop\zhengdong\FishBLL\MySqlHelper.cs:行号 857
16:43:34.509  异常信息：Authentication to host '192.168.1.188' for user 'jxd' using method 'mysql_native_password' failed with message: Reading from the stream has failed.
  堆栈信息:   在 FishBll.MySqlHelper.Query(String SQLString) 位置 C:\Users\Administrator\Desktop\zhengdong\FishBLL\MySqlHelper.cs:行号 326
   在 FishBll.Dao.SetReviewDao.modelList(String userName, String strWhere) 位置 C:\Users\Administrator\Desktop\zhengdong\FishBLL\Dao\SetReviewDao.cs:行号 522
   在 FishBll.Bll.SetReviewBll.modelList(String userName, String strWhere) 位置 C:\Users\Administrator\Desktop\zhengdong\FishBLL\Bll\SetReviewBll.cs:行号 60
   在 FishClient.AnnouncementRemindThread.getModelList() 位置 C:\Users\Administrator\Desktop\zhengdong\FishClient\AnnouncementRemindThread.cs:行号 85
16:45:57.462  异常信息：Fatal error encountered during command execution.
  堆栈信息:   在 MySql.Data.MySqlClient.MySqlCommand.ExecuteReader(CommandBehavior behavior)
   在 MySql.Data.MySqlClient.MySqlCommand.ExecuteNonQuery()
   在 FishBll.MySqlHelper.ExecuteSqlTran(Hashtable SQLStringList) 位置 C:\Users\Administrator\Desktop\zhengdong\FishBLL\MySqlHelper.cs:行号 857
16:52:18.268  异常信息：Fatal error encountered during command execution.
  堆栈信息:   在 MySql.Data.MySqlClient.MySqlCommand.ExecuteReader(CommandBehavior behavior)
   在 MySql.Data.MySqlClient.MySqlCommand.ExecuteNonQuery()
   在 FishBll.MySqlHelper.ExecuteSqlTran(Hashtable SQLStringList) 位置 C:\Users\Administrator\Desktop\zhengdong\FishBLL\MySqlHelper.cs:行号 857
16:52:23.875  异常信息：Timeout expired.  The timeout period elapsed prior to completion of the operation or the server is not responding.
  堆栈信息:   在 FishBll.MySqlHelper.Query(String SQLString) 位置 C:\Users\Administrator\Desktop\zhengdong\FishBLL\MySqlHelper.cs:行号 326
   在 FishBll.Dao.RemindDao.GetRemind(String where) 位置 C:\Users\Administrator\Desktop\zhengdong\FishBLL\Dao\RemindDao.cs:行号 19
   在 FishBll.Bll.RemindBll.GetRemind(String where) 位置 C:\Users\Administrator\Desktop\zhengdong\FishBLL\Bll\RemindBll.cs:行号 12
   在 FishClient.AnnouncementThread.GetCustomer() 位置 C:\Users\Administrator\Desktop\zhengdong\FishClient\AnnouncementThread.cs:行号 81
16:52:27.857  异常信息：Fatal error encountered during command execution.
  堆栈信息:   在 MySql.Data.MySqlClient.MySqlCommand.ExecuteReader(CommandBehavior behavior)
   在 MySql.Data.MySqlClient.MySqlCommand.ExecuteNonQuery()
   在 FishBll.MySqlHelper.ExecuteSqlTran(Hashtable SQLStringList) 位置 C:\Users\Administrator\Desktop\zhengdong\FishBLL\MySqlHelper.cs:行号 857
16:53:02.323  异常信息：Fatal error encountered during command execution.
  堆栈信息:   在 MySql.Data.MySqlClient.MySqlCommand.ExecuteReader(CommandBehavior behavior)
   在 MySql.Data.MySqlClient.MySqlCommand.ExecuteNonQuery()
   在 FishBll.MySqlHelper.ExecuteSqlTran(Hashtable SQLStringList) 位置 C:\Users\Administrator\Desktop\zhengdong\FishBLL\MySqlHelper.cs:行号 857
16:55:27.162  异常信息：Fatal error encountered during command execution.
  堆栈信息:   在 MySql.Data.MySqlClient.MySqlCommand.ExecuteReader(CommandBehavior behavior)
   在 MySql.Data.MySqlClient.MySqlCommand.ExecuteNonQuery()
   在 FishBll.MySqlHelper.ExecuteSqlTran(Hashtable SQLStringList) 位置 C:\Users\Administrator\Desktop\zhengdong\FishBLL\MySqlHelper.cs:行号 857
17:00:05.057  异常信息：Timeout expired.  The timeout period elapsed prior to completion of the operation or the server is not responding.
  堆栈信息:   在 FishBll.MySqlHelper.Query(String SQLString) 位置 C:\Users\Administrator\Desktop\zhengdong\FishBLL\MySqlHelper.cs:行号 326
   在 FishBll.Dao.RemindDao.GetRemind(String where) 位置 C:\Users\Administrator\Desktop\zhengdong\FishBLL\Dao\RemindDao.cs:行号 19
   在 FishBll.Bll.RemindBll.GetRemind(String where) 位置 C:\Users\Administrator\Desktop\zhengdong\FishBLL\Bll\RemindBll.cs:行号 12
   在 FishClient.AnnouncementThread.GetCustomer() 位置 C:\Users\Administrator\Desktop\zhengdong\FishClient\AnnouncementThread.cs:行号 81
17:02:18.712  异常信息：Fatal error encountered during command execution.
  堆栈信息:   在 MySql.Data.MySqlClient.MySqlCommand.ExecuteReader(CommandBehavior behavior)
   在 MySql.Data.MySqlClient.MySqlCommand.ExecuteNonQuery()
   在 FishBll.MySqlHelper.ExecuteSqlTran(Hashtable SQLStringList) 位置 C:\Users\Administrator\Desktop\zhengdong\FishBLL\MySqlHelper.cs:行号 857
17:03:13.753  异常信息：Fatal error encountered during command execution.
  堆栈信息:   在 MySql.Data.MySqlClient.MySqlCommand.ExecuteReader(CommandBehavior behavior)
   在 MySql.Data.MySqlClient.MySqlCommand.ExecuteNonQuery()
   在 FishBll.MySqlHelper.ExecuteSqlTran(Hashtable SQLStringList) 位置 C:\Users\Administrator\Desktop\zhengdong\FishBLL\MySqlHelper.cs:行号 857
17:13:34.272  异常信息：Fatal error encountered during command execution.
  堆栈信息:   在 MySql.Data.MySqlClient.MySqlCommand.ExecuteReader(CommandBehavior behavior)
   在 MySql.Data.MySqlClient.MySqlCommand.ExecuteNonQuery()
   在 FishBll.MySqlHelper.ExecuteSqlTran(Hashtable SQLStringList) 位置 C:\Users\Administrator\Desktop\zhengdong\FishBLL\MySqlHelper.cs:行号 857
17:14:50.096  异常信息：Fatal error encountered during command execution.
  堆栈信息:   在 MySql.Data.MySqlClient.MySqlCommand.ExecuteReader(CommandBehavior behavior)
   在 MySql.Data.MySqlClient.MySqlCommand.ExecuteNonQuery()
   在 FishBll.MySqlHelper.ExecuteSqlTran(Hashtable SQLStringList) 位置 C:\Users\Administrator\Desktop\zhengdong\FishBLL\MySqlHelper.cs:行号 857
17:19:39.560  异常信息：Fatal error encountered during command execution.
  堆栈信息:   在 MySql.Data.MySqlClient.MySqlCommand.ExecuteReader(CommandBehavior behavior)
   在 MySql.Data.MySqlClient.MySqlCommand.ExecuteNonQuery()
   在 FishBll.MySqlHelper.ExecuteSqlTran(Hashtable SQLStringList) 位置 C:\Users\Administrator\Desktop\zhengdong\FishBLL\MySqlHelper.cs:行号 857
17:20:18.503  异常信息：Fatal error encountered during command execution.
  堆栈信息:   在 MySql.Data.MySqlClient.MySqlCommand.ExecuteReader(CommandBehavior behavior)
   在 MySql.Data.MySqlClient.MySqlCommand.ExecuteNonQuery()
   在 FishBll.MySqlHelper.ExecuteSqlTran(Hashtable SQLStringList) 位置 C:\Users\Administrator\Desktop\zhengdong\FishBLL\MySqlHelper.cs:行号 857
17:20:42.146  异常信息：Fatal error encountered during command execution.
  堆栈信息:   在 MySql.Data.MySqlClient.MySqlCommand.ExecuteReader(CommandBehavior behavior)
   在 MySql.Data.MySqlClient.MySqlCommand.ExecuteNonQuery()
   在 FishBll.MySqlHelper.ExecuteSqlTran(Hashtable SQLStringList) 位置 C:\Users\Administrator\Desktop\zhengdong\FishBLL\MySqlHelper.cs:行号 857
17:20:58.541  异常信息：Fatal error encountered during command execution.
  堆栈信息:   在 MySql.Data.MySqlClient.MySqlCommand.ExecuteReader(CommandBehavior behavior)
   在 MySql.Data.MySqlClient.MySqlCommand.ExecuteNonQuery()
   在 FishBll.MySqlHelper.ExecuteSqlTran(Hashtable SQLStringList) 位置 C:\Users\Administrator\Desktop\zhengdong\FishBLL\MySqlHelper.cs:行号 857
17:23:22.853  异常信息：Fatal error encountered during command execution.
  堆栈信息:   在 MySql.Data.MySqlClient.MySqlCommand.ExecuteReader(CommandBehavior behavior)
   在 MySql.Data.MySqlClient.MySqlCommand.ExecuteNonQuery()
   在 FishBll.MySqlHelper.ExecuteSqlTran(Hashtable SQLStringList) 位置 C:\Users\Administrator\Desktop\zhengdong\FishBLL\MySqlHelper.cs:行号 857
17:23:44.895  异常信息：Fatal error encountered during command execution.
  堆栈信息:   在 MySql.Data.MySqlClient.MySqlCommand.ExecuteReader(CommandBehavior behavior)
   在 MySql.Data.MySqlClient.MySqlCommand.ExecuteNonQuery()
   在 FishBll.MySqlHelper.ExecuteSqlTran(Hashtable SQLStringList) 位置 C:\Users\Administrator\Desktop\zhengdong\FishBLL\MySqlHelper.cs:行号 857
