11:22:21.531  异常信息：由于连接方在一段时间后没有正确答复或连接的主机没有反应，连接尝试失败。
  堆栈信息:   在 MySql.Data.Common.MyNetworkStream.HandleOrRethrowException(Exception e)
   在 MySql.Data.Common.MyNetworkStream.Read(Byte[] buffer, Int32 offset, Int32 count)
   在 MySql.Data.MySqlClient.TimedStream.Read(Byte[] buffer, Int32 offset, Int32 count)
   在 System.IO.BufferedStream.Read(Byte[] array, Int32 offset, Int32 count)
   在 MySql.Data.MySqlClient.MySqlStream.ReadFully(Stream stream, Byte[] buffer, Int32 offset, Int32 count)
   在 MySql.Data.MySqlClient.MySqlStream.LoadPacket()
   在 MySql.Data.MySqlClient.MySqlStream.ReadPacket()
   在 MySql.Data.MySqlClient.NativeDriver.ReadOk(Boolean read)
   在 MySql.Data.MySqlClient.Driver.SetDatabase(String dbName)
   在 MySql.Data.MySqlClient.MySqlConnection.ChangeDatabase(String databaseName)
   在 MySql.Data.MySqlClient.MySqlConnection.Open()
   在 FishBll.MySqlHelper.Query(String SQLString) 位置 E:\工作\新源代码\zhengdong_06.29上\FishBLL\MySqlHelper.cs:行号 311
   在 FishBll.Dao.RemindDao.GetRemind(String where) 位置 E:\工作\新源代码\zhengdong_06.29上\FishBLL\Dao\RemindDao.cs:行号 19
   在 FishBll.Bll.RemindBll.GetRemind(String where) 位置 E:\工作\新源代码\zhengdong_06.29上\FishBLL\Bll\RemindBll.cs:行号 12
   在 FishClient.AnnouncementThread.GetCustomer() 位置 E:\工作\新源代码\zhengdong_06.29上\FishClient\AnnouncementThread.cs:行号 81
11:24:18.011  异常信息：无法找到表 0。
  堆栈信息:   在 System.Data.DataTableCollection.get_Item(Int32 index)
   在 FishBll.Dao.SetReviewDao.modelList(String userName, String strWhere) 位置 E:\工作\新源代码\zhengdong_06.29上\FishBLL\Dao\SetReviewDao.cs:行号 523
   在 FishBll.Bll.SetReviewBll.modelList(String userName, String strWhere) 位置 E:\工作\新源代码\zhengdong_06.29上\FishBLL\Bll\SetReviewBll.cs:行号 60
   在 FishClient.AnnouncementRemindThread.getModelList() 位置 E:\工作\新源代码\zhengdong_06.29上\FishClient\AnnouncementRemindThread.cs:行号 85
14:35:35.164  异常信息：未将对象引用设置到对象的实例。
  堆栈信息:   在 FishClient.UserManager.SaveUser(PersonEntity user) 位置 E:\工作\新源代码\zhengdong_06.29上\FishClient\UserManager.cs:行号 133
15:55:04.893  异常信息：Timeout expired.  The timeout period elapsed prior to completion of the operation or the server is not responding.
  堆栈信息:   在 FishBll.MySqlHelper.Query(String SQLString) 位置 E:\工作\新源代码\zhengdong_06.29上\FishBLL\MySqlHelper.cs:行号 326
   在 FishBll.Dao.SetReviewDao.modelList(String userName, String strWhere) 位置 E:\工作\新源代码\zhengdong_06.29上\FishBLL\Dao\SetReviewDao.cs:行号 522
   在 FishBll.Bll.SetReviewBll.modelList(String userName, String strWhere) 位置 E:\工作\新源代码\zhengdong_06.29上\FishBLL\Bll\SetReviewBll.cs:行号 60
   在 FishClient.AnnouncementRemindThread.getModelList() 位置 E:\工作\新源代码\zhengdong_06.29上\FishClient\AnnouncementRemindThread.cs:行号 85
15:55:07.000  异常信息：Timeout expired.  The timeout period elapsed prior to completion of the operation or the server is not responding.
  堆栈信息:   在 FishBll.MySqlHelper.Query(String SQLString) 位置 E:\工作\新源代码\zhengdong_06.29上\FishBLL\MySqlHelper.cs:行号 326
   在 FishBll.Dao.RemindDao.GetRemind(String where) 位置 E:\工作\新源代码\zhengdong_06.29上\FishBLL\Dao\RemindDao.cs:行号 19
   在 FishBll.Bll.RemindBll.GetRemind(String where) 位置 E:\工作\新源代码\zhengdong_06.29上\FishBLL\Bll\RemindBll.cs:行号 12
   在 FishClient.AnnouncementThread.GetCustomer() 位置 E:\工作\新源代码\zhengdong_06.29上\FishClient\AnnouncementThread.cs:行号 81
15:59:56.796  异常信息：Timeout expired.  The timeout period elapsed prior to completion of the operation or the server is not responding.
  堆栈信息:   在 FishBll.MySqlHelper.Query(String SQLString) 位置 E:\工作\新源代码\zhengdong_06.29上\FishBLL\MySqlHelper.cs:行号 326
   在 FishBll.Dao.RemindDao.GetRemind(String where) 位置 E:\工作\新源代码\zhengdong_06.29上\FishBLL\Dao\RemindDao.cs:行号 19
   在 FishBll.Bll.RemindBll.GetRemind(String where) 位置 E:\工作\新源代码\zhengdong_06.29上\FishBLL\Bll\RemindBll.cs:行号 12
   在 FishClient.AnnouncementThread.GetCustomer() 位置 E:\工作\新源代码\zhengdong_06.29上\FishClient\AnnouncementThread.cs:行号 81
