14:52:41.050  异常信息：Fatal error encountered during command execution.
  堆栈信息:   在 MySql.Data.MySqlClient.MySqlCommand.ExecuteReader(CommandBehavior behavior)
   在 MySql.Data.MySqlClient.MySqlCommand.ExecuteNonQuery()
   在 FishBll.MySqlHelper.ExecuteSqlTran(Hashtable SQLStringList) 位置 C:\Users\Administrator\Desktop\zhengdong\FishBLL\MySqlHelper.cs:行号 857
14:52:43.886  异常信息：Fatal error encountered during command execution.
  堆栈信息:   在 MySql.Data.MySqlClient.MySqlCommand.ExecuteReader(CommandBehavior behavior)
   在 MySql.Data.MySqlClient.MySqlCommand.ExecuteNonQuery()
   在 FishBll.MySqlHelper.ExecuteSqlTran(Hashtable SQLStringList) 位置 C:\Users\Administrator\Desktop\zhengdong\FishBLL\MySqlHelper.cs:行号 857
14:52:44.604  异常信息：Fatal error encountered during command execution.
  堆栈信息:   在 MySql.Data.MySqlClient.MySqlCommand.ExecuteReader(CommandBehavior behavior)
   在 MySql.Data.MySqlClient.MySqlCommand.ExecuteNonQuery()
   在 FishBll.MySqlHelper.ExecuteSqlTran(Hashtable SQLStringList) 位置 C:\Users\Administrator\Desktop\zhengdong\FishBLL\MySqlHelper.cs:行号 857
14:52:44.783  异常信息：Fatal error encountered during command execution.
  堆栈信息:   在 MySql.Data.MySqlClient.MySqlCommand.ExecuteReader(CommandBehavior behavior)
   在 MySql.Data.MySqlClient.MySqlCommand.ExecuteNonQuery()
   在 FishBll.MySqlHelper.ExecuteSqlTran(Hashtable SQLStringList) 位置 C:\Users\Administrator\Desktop\zhengdong\FishBLL\MySqlHelper.cs:行号 857
14:52:44.961  异常信息：Fatal error encountered during command execution.
  堆栈信息:   在 MySql.Data.MySqlClient.MySqlCommand.ExecuteReader(CommandBehavior behavior)
   在 MySql.Data.MySqlClient.MySqlCommand.ExecuteNonQuery()
   在 FishBll.MySqlHelper.ExecuteSqlTran(Hashtable SQLStringList) 位置 C:\Users\Administrator\Desktop\zhengdong\FishBLL\MySqlHelper.cs:行号 857
14:52:45.146  异常信息：Fatal error encountered during command execution.
  堆栈信息:   在 MySql.Data.MySqlClient.MySqlCommand.ExecuteReader(CommandBehavior behavior)
   在 MySql.Data.MySqlClient.MySqlCommand.ExecuteNonQuery()
   在 FishBll.MySqlHelper.ExecuteSqlTran(Hashtable SQLStringList) 位置 C:\Users\Administrator\Desktop\zhengdong\FishBLL\MySqlHelper.cs:行号 857
14:52:45.309  异常信息：Fatal error encountered during command execution.
  堆栈信息:   在 MySql.Data.MySqlClient.MySqlCommand.ExecuteReader(CommandBehavior behavior)
   在 MySql.Data.MySqlClient.MySqlCommand.ExecuteNonQuery()
   在 FishBll.MySqlHelper.ExecuteSqlTran(Hashtable SQLStringList) 位置 C:\Users\Administrator\Desktop\zhengdong\FishBLL\MySqlHelper.cs:行号 857
14:52:45.496  异常信息：Fatal error encountered during command execution.
  堆栈信息:   在 MySql.Data.MySqlClient.MySqlCommand.ExecuteReader(CommandBehavior behavior)
   在 MySql.Data.MySqlClient.MySqlCommand.ExecuteNonQuery()
   在 FishBll.MySqlHelper.ExecuteSqlTran(Hashtable SQLStringList) 位置 C:\Users\Administrator\Desktop\zhengdong\FishBLL\MySqlHelper.cs:行号 857
14:52:45.714  异常信息：Fatal error encountered during command execution.
  堆栈信息:   在 MySql.Data.MySqlClient.MySqlCommand.ExecuteReader(CommandBehavior behavior)
   在 MySql.Data.MySqlClient.MySqlCommand.ExecuteNonQuery()
   在 FishBll.MySqlHelper.ExecuteSqlTran(Hashtable SQLStringList) 位置 C:\Users\Administrator\Desktop\zhengdong\FishBLL\MySqlHelper.cs:行号 857
14:52:45.940  异常信息：Fatal error encountered during command execution.
  堆栈信息:   在 MySql.Data.MySqlClient.MySqlCommand.ExecuteReader(CommandBehavior behavior)
   在 MySql.Data.MySqlClient.MySqlCommand.ExecuteNonQuery()
   在 FishBll.MySqlHelper.ExecuteSqlTran(Hashtable SQLStringList) 位置 C:\Users\Administrator\Desktop\zhengdong\FishBLL\MySqlHelper.cs:行号 857
14:52:46.133  异常信息：Fatal error encountered during command execution.
  堆栈信息:   在 MySql.Data.MySqlClient.MySqlCommand.ExecuteReader(CommandBehavior behavior)
   在 MySql.Data.MySqlClient.MySqlCommand.ExecuteNonQuery()
   在 FishBll.MySqlHelper.ExecuteSqlTran(Hashtable SQLStringList) 位置 C:\Users\Administrator\Desktop\zhengdong\FishBLL\MySqlHelper.cs:行号 857
14:52:46.317  异常信息：Fatal error encountered during command execution.
  堆栈信息:   在 MySql.Data.MySqlClient.MySqlCommand.ExecuteReader(CommandBehavior behavior)
   在 MySql.Data.MySqlClient.MySqlCommand.ExecuteNonQuery()
   在 FishBll.MySqlHelper.ExecuteSqlTran(Hashtable SQLStringList) 位置 C:\Users\Administrator\Desktop\zhengdong\FishBLL\MySqlHelper.cs:行号 857
14:57:51.396  异常信息：Fatal error encountered during command execution.
  堆栈信息:   在 MySql.Data.MySqlClient.MySqlCommand.ExecuteReader(CommandBehavior behavior)
   在 MySql.Data.MySqlClient.MySqlCommand.ExecuteNonQuery()
   在 FishBll.MySqlHelper.ExecuteSqlTran(Hashtable SQLStringList) 位置 C:\Users\Administrator\Desktop\zhengdong\FishBLL\MySqlHelper.cs:行号 857
15:22:46.425  异常信息：Fatal error encountered during command execution.
  堆栈信息:   在 MySql.Data.MySqlClient.MySqlCommand.ExecuteReader(CommandBehavior behavior)
   在 MySql.Data.MySqlClient.MySqlCommand.ExecuteNonQuery()
   在 FishBll.MySqlHelper.ExecuteSqlTran(Hashtable SQLStringList) 位置 C:\Users\Administrator\Desktop\zhengdong\FishBLL\MySqlHelper.cs:行号 857
15:26:05.756  异常信息：Fatal error encountered during command execution.
  堆栈信息:   在 MySql.Data.MySqlClient.MySqlCommand.ExecuteReader(CommandBehavior behavior)
   在 MySql.Data.MySqlClient.MySqlCommand.ExecuteNonQuery()
   在 FishBll.MySqlHelper.ExecuteSqlTran(Hashtable SQLStringList) 位置 C:\Users\Administrator\Desktop\zhengdong\FishBLL\MySqlHelper.cs:行号 857
15:27:58.328  异常信息：Fatal error encountered during command execution.
  堆栈信息:   在 MySql.Data.MySqlClient.MySqlCommand.ExecuteReader(CommandBehavior behavior)
   在 MySql.Data.MySqlClient.MySqlCommand.ExecuteNonQuery()
   在 FishBll.MySqlHelper.ExecuteSqlTran(Hashtable SQLStringList) 位置 C:\Users\Administrator\Desktop\zhengdong\FishBLL\MySqlHelper.cs:行号 857
15:28:12.947  异常信息：Fatal error encountered during command execution.
  堆栈信息:   在 MySql.Data.MySqlClient.MySqlCommand.ExecuteReader(CommandBehavior behavior)
   在 MySql.Data.MySqlClient.MySqlCommand.ExecuteNonQuery()
   在 FishBll.MySqlHelper.ExecuteSqlTran(Hashtable SQLStringList) 位置 C:\Users\Administrator\Desktop\zhengdong\FishBLL\MySqlHelper.cs:行号 857
15:28:51.831  异常信息：Timeout in IO operation
  堆栈信息:   在 MySql.Data.MySqlClient.TimedStream.StopTimer()
   在 MySql.Data.MySqlClient.TimedStream.Read(Byte[] buffer, Int32 offset, Int32 count)
   在 System.IO.BufferedStream.Read(Byte[] array, Int32 offset, Int32 count)
   在 MySql.Data.MySqlClient.MySqlStream.ReadFully(Stream stream, Byte[] buffer, Int32 offset, Int32 count)
   在 MySql.Data.MySqlClient.MySqlStream.LoadPacket()
   在 MySql.Data.MySqlClient.MySqlStream.ReadPacket()
   在 MySql.Data.MySqlClient.Authentication.MySqlAuthenticationPlugin.ReadPacket()
   在 MySql.Data.MySqlClient.Authentication.MySqlAuthenticationPlugin.Authenticate(Boolean reset)
   在 MySql.Data.MySqlClient.NativeDriver.Open()
   在 MySql.Data.MySqlClient.Driver.Open()
   在 MySql.Data.MySqlClient.Driver.Create(MySqlConnectionStringBuilder settings)
   在 MySql.Data.MySqlClient.MySqlPool.GetPooledConnection()
   在 MySql.Data.MySqlClient.MySqlPool.TryToGetDriver()
   在 MySql.Data.MySqlClient.MySqlPool.GetConnection()
   在 MySql.Data.MySqlClient.MySqlConnection.Open()
   在 FishBll.MySqlHelper.Query(String SQLString) 位置 C:\Users\Administrator\Desktop\zhengdong\FishBLL\MySqlHelper.cs:行号 311
   在 FishBll.Dao.SetReviewDao.modelList(String userName, String strWhere) 位置 C:\Users\Administrator\Desktop\zhengdong\FishBLL\Dao\SetReviewDao.cs:行号 522
   在 FishBll.Bll.SetReviewBll.modelList(String userName, String strWhere) 位置 C:\Users\Administrator\Desktop\zhengdong\FishBLL\Bll\SetReviewBll.cs:行号 60
   在 FishClient.AnnouncementRemindThread.getModelList() 位置 C:\Users\Administrator\Desktop\zhengdong\FishClient\AnnouncementRemindThread.cs:行号 85
15:28:53.127  异常信息：Fatal error encountered during command execution.
  堆栈信息:   在 MySql.Data.MySqlClient.MySqlCommand.ExecuteReader(CommandBehavior behavior)
   在 MySql.Data.MySqlClient.MySqlCommand.ExecuteNonQuery()
   在 FishBll.MySqlHelper.ExecuteSqlTran(Hashtable SQLStringList) 位置 C:\Users\Administrator\Desktop\zhengdong\FishBLL\MySqlHelper.cs:行号 857
15:33:53.330  异常信息：未将对象引用设置到对象的实例。
  堆栈信息:   在 FishClient.UserManager.SaveUser(PersonEntity user) 位置 C:\Users\Administrator\Desktop\zhengdong\FishClient\UserManager.cs:行号 133
17:04:27.171  异常信息：Unknown column 'ContractCode' in 'field list'
  堆栈信息:   在 MySql.Data.MySqlClient.MySqlStream.ReadPacket()
   在 MySql.Data.MySqlClient.NativeDriver.GetResult(Int32& affectedRow, Int64& insertedId)
   在 MySql.Data.MySqlClient.Driver.GetResult(Int32 statementId, Int32& affectedRows, Int64& insertedId)
   在 MySql.Data.MySqlClient.Driver.NextResult(Int32 statementId, Boolean force)
   在 MySql.Data.MySqlClient.MySqlDataReader.NextResult()
   在 MySql.Data.MySqlClient.MySqlCommand.ExecuteReader(CommandBehavior behavior)
   在 MySql.Data.MySqlClient.MySqlCommand.ExecuteNonQuery()
   在 FishBll.MySqlHelper.ExecuteSqlTran(Hashtable SQLStringList) 位置 C:\Users\Administrator\Desktop\zhengdong\FishBLL\MySqlHelper.cs:行号 857
17:04:30.939  异常信息：Unknown column 'ContractCode' in 'field list'
  堆栈信息:   在 MySql.Data.MySqlClient.MySqlStream.ReadPacket()
   在 MySql.Data.MySqlClient.NativeDriver.GetResult(Int32& affectedRow, Int64& insertedId)
   在 MySql.Data.MySqlClient.Driver.GetResult(Int32 statementId, Int32& affectedRows, Int64& insertedId)
   在 MySql.Data.MySqlClient.Driver.NextResult(Int32 statementId, Boolean force)
   在 MySql.Data.MySqlClient.MySqlDataReader.NextResult()
   在 MySql.Data.MySqlClient.MySqlCommand.ExecuteReader(CommandBehavior behavior)
   在 MySql.Data.MySqlClient.MySqlCommand.ExecuteNonQuery()
   在 FishBll.MySqlHelper.ExecuteSqlTran(Hashtable SQLStringList) 位置 C:\Users\Administrator\Desktop\zhengdong\FishBLL\MySqlHelper.cs:行号 857
17:04:33.108  异常信息：Unknown column 'ContractCode' in 'field list'
  堆栈信息:   在 MySql.Data.MySqlClient.MySqlStream.ReadPacket()
   在 MySql.Data.MySqlClient.NativeDriver.GetResult(Int32& affectedRow, Int64& insertedId)
   在 MySql.Data.MySqlClient.Driver.GetResult(Int32 statementId, Int32& affectedRows, Int64& insertedId)
   在 MySql.Data.MySqlClient.Driver.NextResult(Int32 statementId, Boolean force)
   在 MySql.Data.MySqlClient.MySqlDataReader.NextResult()
   在 MySql.Data.MySqlClient.MySqlCommand.ExecuteReader(CommandBehavior behavior)
   在 MySql.Data.MySqlClient.MySqlCommand.ExecuteNonQuery()
   在 FishBll.MySqlHelper.ExecuteSqlTran(Hashtable SQLStringList) 位置 C:\Users\Administrator\Desktop\zhengdong\FishBLL\MySqlHelper.cs:行号 857
17:06:03.197  异常信息：Unknown column 'ContractCode' in 'field list'
  堆栈信息:   在 MySql.Data.MySqlClient.MySqlStream.ReadPacket()
   在 MySql.Data.MySqlClient.NativeDriver.GetResult(Int32& affectedRow, Int64& insertedId)
   在 MySql.Data.MySqlClient.Driver.GetResult(Int32 statementId, Int32& affectedRows, Int64& insertedId)
   在 MySql.Data.MySqlClient.Driver.NextResult(Int32 statementId, Boolean force)
   在 MySql.Data.MySqlClient.MySqlDataReader.NextResult()
   在 MySql.Data.MySqlClient.MySqlCommand.ExecuteReader(CommandBehavior behavior)
   在 MySql.Data.MySqlClient.MySqlCommand.ExecuteNonQuery()
   在 FishBll.MySqlHelper.ExecuteSqlTran(Hashtable SQLStringList) 位置 C:\Users\Administrator\Desktop\zhengdong\FishBLL\MySqlHelper.cs:行号 857
17:08:12.078  异常信息：Unknown column 'ContractCode' in 'field list'
  堆栈信息:   在 MySql.Data.MySqlClient.MySqlStream.ReadPacket()
   在 MySql.Data.MySqlClient.NativeDriver.GetResult(Int32& affectedRow, Int64& insertedId)
   在 MySql.Data.MySqlClient.Driver.GetResult(Int32 statementId, Int32& affectedRows, Int64& insertedId)
   在 MySql.Data.MySqlClient.Driver.NextResult(Int32 statementId, Boolean force)
   在 MySql.Data.MySqlClient.MySqlDataReader.NextResult()
   在 MySql.Data.MySqlClient.MySqlCommand.ExecuteReader(CommandBehavior behavior)
   在 MySql.Data.MySqlClient.MySqlCommand.ExecuteNonQuery()
   在 FishBll.MySqlHelper.ExecuteSqlTran(Hashtable SQLStringList) 位置 C:\Users\Administrator\Desktop\zhengdong\FishBLL\MySqlHelper.cs:行号 857
