12:13:44.500  异常信息：未将对象引用设置到对象的实例。
  堆栈信息:   在 FishClient.UserManager.SaveUser(PersonEntity user) 位置 E:\工作\新源代码\zhengdong_07.06上\FishClient\UserManager.cs:行号 133
15:45:17.065  异常信息：You have an error in your SQL syntax; check the manual that corresponds to your MySQL server version for the right syntax to use near '='鱼粉',techtype='蒸汽',nature='泰国',quote_ffa='9',quote_sandsalt='10',qu' at line 1
  堆栈信息:   在 MySql.Data.MySqlClient.MySqlStream.ReadPacket()
   在 MySql.Data.MySqlClient.NativeDriver.GetResult(Int32& affectedRow, Int64& insertedId)
   在 MySql.Data.MySqlClient.Driver.GetResult(Int32 statementId, Int32& affectedRows, Int64& insertedId)
   在 MySql.Data.MySqlClient.Driver.NextResult(Int32 statementId, Boolean force)
   在 MySql.Data.MySqlClient.MySqlDataReader.NextResult()
   在 MySql.Data.MySqlClient.MySqlCommand.ExecuteReader(CommandBehavior behavior)
   在 MySql.Data.MySqlClient.MySqlCommand.ExecuteNonQuery()
   在 FishBll.MySqlHelper.ExecuteSqlTran(Hashtable SQLStringList) 位置 E:\工作\新源代码\zhengdong_07.06上\FishBLL\MySqlHelper.cs:行号 857
16:10:06.284  异常信息：You have an error in your SQL syntax; check the manual that corresponds to your MySQL server version for the right syntax to use near '='鱼粉',techtype='直火',nature='秘鲁',quote_ffa=9,quote_sandsalt=10,quote_' at line 1
  堆栈信息:   在 MySql.Data.MySqlClient.MySqlStream.ReadPacket()
   在 MySql.Data.MySqlClient.NativeDriver.GetResult(Int32& affectedRow, Int64& insertedId)
   在 MySql.Data.MySqlClient.Driver.GetResult(Int32 statementId, Int32& affectedRows, Int64& insertedId)
   在 MySql.Data.MySqlClient.Driver.NextResult(Int32 statementId, Boolean force)
   在 MySql.Data.MySqlClient.MySqlDataReader.NextResult()
   在 MySql.Data.MySqlClient.MySqlCommand.ExecuteReader(CommandBehavior behavior)
   在 MySql.Data.MySqlClient.MySqlCommand.ExecuteNonQuery()
   在 FishBll.MySqlHelper.ExecuteSqlTran(Hashtable SQLStringList) 位置 E:\工作\新源代码\zhengdong_07.06上\FishBLL\MySqlHelper.cs:行号 857
