13:57:14.639  异常信息：Timeout in IO operation
  堆栈信息:   在 MySql.Data.MySqlClient.TimedStream.StopTimer()
   在 MySql.Data.MySqlClient.TimedStream.Read(Byte[] buffer, Int32 offset, Int32 count)
   在 System.IO.BufferedStream.Read(Byte[] array, Int32 offset, Int32 count)
   在 MySql.Data.MySqlClient.MySqlStream.ReadFully(Stream stream, Byte[] buffer, Int32 offset, Int32 count)
   在 MySql.Data.MySqlClient.MySqlStream.LoadPacket()
   在 MySql.Data.MySqlClient.MySqlStream.ReadPacket()
   在 MySql.Data.MySqlClient.NativeDriver.ReadOk(Boolean read)
   在 MySql.Data.MySqlClient.Driver.SetDatabase(String dbName)
   在 MySql.Data.MySqlClient.MySqlConnection.ChangeDatabase(String databaseName)
   在 MySql.Data.MySqlClient.MySqlConnection.Open()
   在 FishBll.MySqlHelper.Query(String SQLString) 位置 E:\工作\新源代码\zhengdong_07.07上\FishBLL\MySqlHelper.cs:行号 311
   在 FishBll.Dao.RemindDao.GetRemind(String where) 位置 E:\工作\新源代码\zhengdong_07.07上\FishBLL\Dao\RemindDao.cs:行号 19
   在 FishBll.Bll.RemindBll.GetRemind(String where) 位置 E:\工作\新源代码\zhengdong_07.07上\FishBLL\Bll\RemindBll.cs:行号 12
   在 FishClient.AnnouncementThread.GetCustomer() 位置 E:\工作\新源代码\zhengdong_07.07上\FishClient\AnnouncementThread.cs:行号 81
15:27:21.557  异常信息：Fatal error encountered during command execution.
  堆栈信息:   在 MySql.Data.MySqlClient.MySqlCommand.ExecuteReader(CommandBehavior behavior)
   在 MySql.Data.MySqlClient.MySqlCommand.ExecuteNonQuery()
   在 FishBll.MySqlHelper.ExecuteSqlTran(Hashtable SQLStringList) 位置 E:\工作\新源代码\zhengdong_07.07上\FishBLL\MySqlHelper.cs:行号 857
15:27:24.676  异常信息：Fatal error encountered during command execution.
  堆栈信息:   在 MySql.Data.MySqlClient.MySqlCommand.ExecuteReader(CommandBehavior behavior)
   在 MySql.Data.MySqlClient.MySqlCommand.ExecuteNonQuery()
   在 FishBll.MySqlHelper.ExecuteSqlTran(Hashtable SQLStringList) 位置 E:\工作\新源代码\zhengdong_07.07上\FishBLL\MySqlHelper.cs:行号 857
16:16:19.353  异常信息：未将对象引用设置到对象的实例。
  堆栈信息:   在 FishClient.UserManager.SaveUser(PersonEntity user) 位置 E:\工作\新源代码\zhengdong_07.07上\FishClient\UserManager.cs:行号 133
