11:47:46.370  异常信息：未将对象引用设置到对象的实例。
  堆栈信息:   在 FishClient.UserManager.SaveUser(PersonEntity user) 位置 D:\练习\FishSolution\FishClient\UserManager.cs:行号 133
12:43:17.844  异常信息：未将对象引用设置到对象的实例。
  堆栈信息:   在 FishClient.UserManager.SaveUser(PersonEntity user) 位置 D:\练习\FishSolution\FishClient\UserManager.cs:行号 133
13:59:44.728  异常信息：由于连接方在一段时间后没有正确答复或连接的主机没有反应，连接尝试失败。
  堆栈信息:   在 MySql.Data.Common.MyNetworkStream.HandleOrRethrowException(Exception e)
   在 MySql.Data.Common.MyNetworkStream.Read(Byte[] buffer, Int32 offset, Int32 count)
   在 MySql.Data.MySqlClient.TimedStream.Read(Byte[] buffer, Int32 offset, Int32 count)
   在 System.IO.BufferedStream.Read(Byte[] array, Int32 offset, Int32 count)
   在 MySql.Data.MySqlClient.MySqlStream.ReadFully(Stream stream, Byte[] buffer, Int32 offset, Int32 count)
   在 MySql.Data.MySqlClient.MySqlStream.LoadPacket()
   在 MySql.Data.MySqlClient.MySqlStream.ReadPacket()
   在 MySql.Data.MySqlClient.NativeDriver.ReadOk(Boolean read)
   在 MySql.Data.MySqlClient.Driver.SetDatabase(String dbName)
   在 MySql.Data.MySqlClient.MySqlConnection.ChangeDatabase(String databaseName)
   在 MySql.Data.MySqlClient.MySqlConnection.Open()
   在 FishBll.MySqlHelper.Query(String SQLString) 位置 D:\练习\FishSolution\FishBLL\MySqlHelper.cs:行号 293
   在 FishBll.Dao.SetReviewDao.modelList(String userName, String strWhere) 位置 D:\练习\FishSolution\FishBLL\Dao\SetReviewDao.cs:行号 312
   在 FishBll.Bll.SetReviewBll.modelList(String userName, String strWhere) 位置 D:\练习\FishSolution\FishBLL\Bll\SetReviewBll.cs:行号 57
   在 FishClient.FormRemind.Query() 位置 D:\练习\FishSolution\FishClient\FormRemind.cs:行号 34
   在 FishClient.FormRemind..ctor() 位置 D:\练习\FishSolution\FishClient\FormRemind.cs:行号 27
   在 FishClient.FormMain.ShowPushMessageForm() 位置 D:\练习\FishSolution\FishClient\FormMain.cs:行号 185
14:10:25.468  异常信息：未将对象引用设置到对象的实例。
  堆栈信息:   在 FishClient.FormRemind.Query() 位置 D:\练习\FishSolution\FishClient\FormRemind.cs:行号 34
   在 FishClient.FormRemind..ctor() 位置 D:\练习\FishSolution\FishClient\FormRemind.cs:行号 27
   在 FishClient.FormMain.ShowPushMessageForm() 位置 D:\练习\FishSolution\FishClient\FormMain.cs:行号 185
14:11:36.115  异常信息：未将对象引用设置到对象的实例。
  堆栈信息:   在 FishClient.FormRemind.Query() 位置 D:\练习\FishSolution\FishClient\FormRemind.cs:行号 34
   在 FishClient.FormRemind..ctor() 位置 D:\练习\FishSolution\FishClient\FormRemind.cs:行号 27
   在 FishClient.FormMain.ShowPushMessageForm() 位置 D:\练习\FishSolution\FishClient\FormMain.cs:行号 185
14:13:18.969  异常信息：无法找到表 0。
  堆栈信息:   在 System.Data.DataTableCollection.get_Item(Int32 index)
   在 FishBll.Dao.SetReviewDao.modelList(String userName, String strWhere) 位置 D:\练习\FishSolution\FishBLL\Dao\SetReviewDao.cs:行号 313
   在 FishBll.Bll.SetReviewBll.modelList(String userName, String strWhere) 位置 D:\练习\FishSolution\FishBLL\Bll\SetReviewBll.cs:行号 57
   在 FishClient.AnnouncementRemindThread.getModelList() 位置 D:\练习\FishSolution\FishClient\AnnouncementRemindThread.cs:行号 85
14:14:44.496  异常信息：未将对象引用设置到对象的实例。
  堆栈信息:   在 FishClient.FormRemind.Query() 位置 D:\练习\FishSolution\FishClient\FormRemind.cs:行号 34
   在 FishClient.FormRemind..ctor() 位置 D:\练习\FishSolution\FishClient\FormRemind.cs:行号 27
   在 FishClient.FormMain.ShowPushMessageForm() 位置 D:\练习\FishSolution\FishClient\FormMain.cs:行号 185
14:20:59.849  异常信息：Timeout in IO operation
  堆栈信息:   在 MySql.Data.MySqlClient.TimedStream.StopTimer()
   在 MySql.Data.MySqlClient.TimedStream.Read(Byte[] buffer, Int32 offset, Int32 count)
   在 System.IO.BufferedStream.Read(Byte[] array, Int32 offset, Int32 count)
   在 MySql.Data.MySqlClient.MySqlStream.ReadFully(Stream stream, Byte[] buffer, Int32 offset, Int32 count)
   在 MySql.Data.MySqlClient.MySqlStream.LoadPacket()
   在 MySql.Data.MySqlClient.MySqlStream.ReadPacket()
   在 MySql.Data.MySqlClient.NativeDriver.ReadOk(Boolean read)
   在 MySql.Data.MySqlClient.Driver.SetDatabase(String dbName)
   在 MySql.Data.MySqlClient.MySqlConnection.ChangeDatabase(String databaseName)
   在 MySql.Data.MySqlClient.MySqlConnection.Open()
   在 FishBll.MySqlHelper.Query(String SQLString) 位置 D:\练习\FishSolution\FishBLL\MySqlHelper.cs:行号 293
   在 FishBll.Dao.SetReviewDao.modelList(String userName, String strWhere) 位置 D:\练习\FishSolution\FishBLL\Dao\SetReviewDao.cs:行号 312
   在 FishBll.Bll.SetReviewBll.modelList(String userName, String strWhere) 位置 D:\练习\FishSolution\FishBLL\Bll\SetReviewBll.cs:行号 57
   在 FishClient.AnnouncementRemindThread.getModelList() 位置 D:\练习\FishSolution\FishClient\AnnouncementRemindThread.cs:行号 85
