10:32:00.587  异常信息：未将对象引用设置到对象的实例。
  堆栈信息:   在 FishClient.UserManager.SaveUser(PersonEntity user) 位置 D:\Project data\zhengdong\FishClient\UserManager.cs:行号 133
10:55:55.528  异常信息：Field 'createman' doesn't have a default value
  堆栈信息:   在 MySql.Data.MySqlClient.MySqlStream.ReadPacket()
   在 MySql.Data.MySqlClient.NativeDriver.GetResult(Int32& affectedRow, Int64& insertedId)
   在 MySql.Data.MySqlClient.Driver.GetResult(Int32 statementId, Int32& affectedRows, Int64& insertedId)
   在 MySql.Data.MySqlClient.Driver.NextResult(Int32 statementId, Boolean force)
   在 MySql.Data.MySqlClient.MySqlDataReader.NextResult()
   在 MySql.Data.MySqlClient.MySqlCommand.ExecuteReader(CommandBehavior behavior)
   在 MySql.Data.MySqlClient.MySqlCommand.ExecuteNonQuery()
   在 FishBll.MySqlHelper.ExecuteSqlTran(Hashtable SQLStringList) 位置 D:\Project data\zhengdong\FishBLL\MySqlHelper.cs:行号 830
10:55:57.104  异常信息：Field 'createman' doesn't have a default value
  堆栈信息:   在 MySql.Data.MySqlClient.MySqlStream.ReadPacket()
   在 MySql.Data.MySqlClient.NativeDriver.GetResult(Int32& affectedRow, Int64& insertedId)
   在 MySql.Data.MySqlClient.Driver.GetResult(Int32 statementId, Int32& affectedRows, Int64& insertedId)
   在 MySql.Data.MySqlClient.Driver.NextResult(Int32 statementId, Boolean force)
   在 MySql.Data.MySqlClient.MySqlDataReader.NextResult()
   在 MySql.Data.MySqlClient.MySqlCommand.ExecuteReader(CommandBehavior behavior)
   在 MySql.Data.MySqlClient.MySqlCommand.ExecuteNonQuery()
   在 FishBll.MySqlHelper.ExecuteSqlTran(Hashtable SQLStringList) 位置 D:\Project data\zhengdong\FishBLL\MySqlHelper.cs:行号 830
10:55:57.987  异常信息：Field 'createman' doesn't have a default value
  堆栈信息:   在 MySql.Data.MySqlClient.MySqlStream.ReadPacket()
   在 MySql.Data.MySqlClient.NativeDriver.GetResult(Int32& affectedRow, Int64& insertedId)
   在 MySql.Data.MySqlClient.Driver.GetResult(Int32 statementId, Int32& affectedRows, Int64& insertedId)
   在 MySql.Data.MySqlClient.Driver.NextResult(Int32 statementId, Boolean force)
   在 MySql.Data.MySqlClient.MySqlDataReader.NextResult()
   在 MySql.Data.MySqlClient.MySqlCommand.ExecuteReader(CommandBehavior behavior)
   在 MySql.Data.MySqlClient.MySqlCommand.ExecuteNonQuery()
   在 FishBll.MySqlHelper.ExecuteSqlTran(Hashtable SQLStringList) 位置 D:\Project data\zhengdong\FishBLL\MySqlHelper.cs:行号 830
10:55:58.361  异常信息：Field 'createman' doesn't have a default value
  堆栈信息:   在 MySql.Data.MySqlClient.MySqlStream.ReadPacket()
   在 MySql.Data.MySqlClient.NativeDriver.GetResult(Int32& affectedRow, Int64& insertedId)
   在 MySql.Data.MySqlClient.Driver.GetResult(Int32 statementId, Int32& affectedRows, Int64& insertedId)
   在 MySql.Data.MySqlClient.Driver.NextResult(Int32 statementId, Boolean force)
   在 MySql.Data.MySqlClient.MySqlDataReader.NextResult()
   在 MySql.Data.MySqlClient.MySqlCommand.ExecuteReader(CommandBehavior behavior)
   在 MySql.Data.MySqlClient.MySqlCommand.ExecuteNonQuery()
   在 FishBll.MySqlHelper.ExecuteSqlTran(Hashtable SQLStringList) 位置 D:\Project data\zhengdong\FishBLL\MySqlHelper.cs:行号 830
10:55:58.592  异常信息：Field 'createman' doesn't have a default value
  堆栈信息:   在 MySql.Data.MySqlClient.MySqlStream.ReadPacket()
   在 MySql.Data.MySqlClient.NativeDriver.GetResult(Int32& affectedRow, Int64& insertedId)
   在 MySql.Data.MySqlClient.Driver.GetResult(Int32 statementId, Int32& affectedRows, Int64& insertedId)
   在 MySql.Data.MySqlClient.Driver.NextResult(Int32 statementId, Boolean force)
   在 MySql.Data.MySqlClient.MySqlDataReader.NextResult()
   在 MySql.Data.MySqlClient.MySqlCommand.ExecuteReader(CommandBehavior behavior)
   在 MySql.Data.MySqlClient.MySqlCommand.ExecuteNonQuery()
   在 FishBll.MySqlHelper.ExecuteSqlTran(Hashtable SQLStringList) 位置 D:\Project data\zhengdong\FishBLL\MySqlHelper.cs:行号 830
10:55:58.747  异常信息：Field 'createman' doesn't have a default value
  堆栈信息:   在 MySql.Data.MySqlClient.MySqlStream.ReadPacket()
   在 MySql.Data.MySqlClient.NativeDriver.GetResult(Int32& affectedRow, Int64& insertedId)
   在 MySql.Data.MySqlClient.Driver.GetResult(Int32 statementId, Int32& affectedRows, Int64& insertedId)
   在 MySql.Data.MySqlClient.Driver.NextResult(Int32 statementId, Boolean force)
   在 MySql.Data.MySqlClient.MySqlDataReader.NextResult()
   在 MySql.Data.MySqlClient.MySqlCommand.ExecuteReader(CommandBehavior behavior)
   在 MySql.Data.MySqlClient.MySqlCommand.ExecuteNonQuery()
   在 FishBll.MySqlHelper.ExecuteSqlTran(Hashtable SQLStringList) 位置 D:\Project data\zhengdong\FishBLL\MySqlHelper.cs:行号 830
11:03:36.400  异常信息：Field 'modifyman' doesn't have a default value
  堆栈信息:   在 MySql.Data.MySqlClient.MySqlStream.ReadPacket()
   在 MySql.Data.MySqlClient.NativeDriver.GetResult(Int32& affectedRow, Int64& insertedId)
   在 MySql.Data.MySqlClient.Driver.GetResult(Int32 statementId, Int32& affectedRows, Int64& insertedId)
   在 MySql.Data.MySqlClient.Driver.NextResult(Int32 statementId, Boolean force)
   在 MySql.Data.MySqlClient.MySqlDataReader.NextResult()
   在 MySql.Data.MySqlClient.MySqlCommand.ExecuteReader(CommandBehavior behavior)
   在 MySql.Data.MySqlClient.MySqlCommand.ExecuteNonQuery()
   在 FishBll.MySqlHelper.ExecuteSqlTran(Hashtable SQLStringList) 位置 D:\Project data\zhengdong\FishBLL\MySqlHelper.cs:行号 830
11:03:37.659  异常信息：Field 'modifyman' doesn't have a default value
  堆栈信息:   在 MySql.Data.MySqlClient.MySqlStream.ReadPacket()
   在 MySql.Data.MySqlClient.NativeDriver.GetResult(Int32& affectedRow, Int64& insertedId)
   在 MySql.Data.MySqlClient.Driver.GetResult(Int32 statementId, Int32& affectedRows, Int64& insertedId)
   在 MySql.Data.MySqlClient.Driver.NextResult(Int32 statementId, Boolean force)
   在 MySql.Data.MySqlClient.MySqlDataReader.NextResult()
   在 MySql.Data.MySqlClient.MySqlCommand.ExecuteReader(CommandBehavior behavior)
   在 MySql.Data.MySqlClient.MySqlCommand.ExecuteNonQuery()
   在 FishBll.MySqlHelper.ExecuteSqlTran(Hashtable SQLStringList) 位置 D:\Project data\zhengdong\FishBLL\MySqlHelper.cs:行号 830
11:03:38.605  异常信息：Field 'modifyman' doesn't have a default value
  堆栈信息:   在 MySql.Data.MySqlClient.MySqlStream.ReadPacket()
   在 MySql.Data.MySqlClient.NativeDriver.GetResult(Int32& affectedRow, Int64& insertedId)
   在 MySql.Data.MySqlClient.Driver.GetResult(Int32 statementId, Int32& affectedRows, Int64& insertedId)
   在 MySql.Data.MySqlClient.Driver.NextResult(Int32 statementId, Boolean force)
   在 MySql.Data.MySqlClient.MySqlDataReader.NextResult()
   在 MySql.Data.MySqlClient.MySqlCommand.ExecuteReader(CommandBehavior behavior)
   在 MySql.Data.MySqlClient.MySqlCommand.ExecuteNonQuery()
   在 FishBll.MySqlHelper.ExecuteSqlTran(Hashtable SQLStringList) 位置 D:\Project data\zhengdong\FishBLL\MySqlHelper.cs:行号 830
11:03:38.842  异常信息：Field 'modifyman' doesn't have a default value
  堆栈信息:   在 MySql.Data.MySqlClient.MySqlStream.ReadPacket()
   在 MySql.Data.MySqlClient.NativeDriver.GetResult(Int32& affectedRow, Int64& insertedId)
   在 MySql.Data.MySqlClient.Driver.GetResult(Int32 statementId, Int32& affectedRows, Int64& insertedId)
   在 MySql.Data.MySqlClient.Driver.NextResult(Int32 statementId, Boolean force)
   在 MySql.Data.MySqlClient.MySqlDataReader.NextResult()
   在 MySql.Data.MySqlClient.MySqlCommand.ExecuteReader(CommandBehavior behavior)
   在 MySql.Data.MySqlClient.MySqlCommand.ExecuteNonQuery()
   在 FishBll.MySqlHelper.ExecuteSqlTran(Hashtable SQLStringList) 位置 D:\Project data\zhengdong\FishBLL\MySqlHelper.cs:行号 830
11:03:39.060  异常信息：Field 'modifyman' doesn't have a default value
  堆栈信息:   在 MySql.Data.MySqlClient.MySqlStream.ReadPacket()
   在 MySql.Data.MySqlClient.NativeDriver.GetResult(Int32& affectedRow, Int64& insertedId)
   在 MySql.Data.MySqlClient.Driver.GetResult(Int32 statementId, Int32& affectedRows, Int64& insertedId)
   在 MySql.Data.MySqlClient.Driver.NextResult(Int32 statementId, Boolean force)
   在 MySql.Data.MySqlClient.MySqlDataReader.NextResult()
   在 MySql.Data.MySqlClient.MySqlCommand.ExecuteReader(CommandBehavior behavior)
   在 MySql.Data.MySqlClient.MySqlCommand.ExecuteNonQuery()
   在 FishBll.MySqlHelper.ExecuteSqlTran(Hashtable SQLStringList) 位置 D:\Project data\zhengdong\FishBLL\MySqlHelper.cs:行号 830
11:03:39.274  异常信息：Field 'modifyman' doesn't have a default value
  堆栈信息:   在 MySql.Data.MySqlClient.MySqlStream.ReadPacket()
   在 MySql.Data.MySqlClient.NativeDriver.GetResult(Int32& affectedRow, Int64& insertedId)
   在 MySql.Data.MySqlClient.Driver.GetResult(Int32 statementId, Int32& affectedRows, Int64& insertedId)
   在 MySql.Data.MySqlClient.Driver.NextResult(Int32 statementId, Boolean force)
   在 MySql.Data.MySqlClient.MySqlDataReader.NextResult()
   在 MySql.Data.MySqlClient.MySqlCommand.ExecuteReader(CommandBehavior behavior)
   在 MySql.Data.MySqlClient.MySqlCommand.ExecuteNonQuery()
   在 FishBll.MySqlHelper.ExecuteSqlTran(Hashtable SQLStringList) 位置 D:\Project data\zhengdong\FishBLL\MySqlHelper.cs:行号 830
15:05:26.977  异常信息：未将对象引用设置到对象的实例。
  堆栈信息:   在 FishClient.UserManager.SaveUser(PersonEntity user) 位置 D:\Project data\zhengdong\FishClient\UserManager.cs:行号 133
15:47:00.716  异常信息：Duplicate entry '0' for key 'PRIMARY'
  堆栈信息:   在 MySql.Data.MySqlClient.MySqlStream.ReadPacket()
   在 MySql.Data.MySqlClient.NativeDriver.GetResult(Int32& affectedRow, Int64& insertedId)
   在 MySql.Data.MySqlClient.Driver.GetResult(Int32 statementId, Int32& affectedRows, Int64& insertedId)
   在 MySql.Data.MySqlClient.Driver.NextResult(Int32 statementId, Boolean force)
   在 MySql.Data.MySqlClient.MySqlDataReader.NextResult()
   在 MySql.Data.MySqlClient.MySqlCommand.ExecuteReader(CommandBehavior behavior)
   在 MySql.Data.MySqlClient.MySqlCommand.ExecuteNonQuery()
   在 FishBll.MySqlHelper.ExecuteSqlTran(Hashtable SQLStringList) 位置 D:\Project data\zhengdong\FishBLL\MySqlHelper.cs:行号 830
15:47:18.611  异常信息：Duplicate entry '0' for key 'PRIMARY'
  堆栈信息:   在 MySql.Data.MySqlClient.MySqlStream.ReadPacket()
   在 MySql.Data.MySqlClient.NativeDriver.GetResult(Int32& affectedRow, Int64& insertedId)
   在 MySql.Data.MySqlClient.Driver.GetResult(Int32 statementId, Int32& affectedRows, Int64& insertedId)
   在 MySql.Data.MySqlClient.Driver.NextResult(Int32 statementId, Boolean force)
   在 MySql.Data.MySqlClient.MySqlDataReader.NextResult()
   在 MySql.Data.MySqlClient.MySqlCommand.ExecuteReader(CommandBehavior behavior)
   在 MySql.Data.MySqlClient.MySqlCommand.ExecuteNonQuery()
   在 FishBll.MySqlHelper.ExecuteSqlTran(Hashtable SQLStringList) 位置 D:\Project data\zhengdong\FishBLL\MySqlHelper.cs:行号 830
15:47:25.167  异常信息：Duplicate entry '0' for key 'PRIMARY'
  堆栈信息:   在 MySql.Data.MySqlClient.MySqlStream.ReadPacket()
   在 MySql.Data.MySqlClient.NativeDriver.GetResult(Int32& affectedRow, Int64& insertedId)
   在 MySql.Data.MySqlClient.Driver.GetResult(Int32 statementId, Int32& affectedRows, Int64& insertedId)
   在 MySql.Data.MySqlClient.Driver.NextResult(Int32 statementId, Boolean force)
   在 MySql.Data.MySqlClient.MySqlDataReader.NextResult()
   在 MySql.Data.MySqlClient.MySqlCommand.ExecuteReader(CommandBehavior behavior)
   在 MySql.Data.MySqlClient.MySqlCommand.ExecuteNonQuery()
   在 FishBll.MySqlHelper.ExecuteSqlTran(Hashtable SQLStringList) 位置 D:\Project data\zhengdong\FishBLL\MySqlHelper.cs:行号 830
15:49:05.793  异常信息：Duplicate entry '0' for key 'PRIMARY'
  堆栈信息:   在 MySql.Data.MySqlClient.MySqlStream.ReadPacket()
   在 MySql.Data.MySqlClient.NativeDriver.GetResult(Int32& affectedRow, Int64& insertedId)
   在 MySql.Data.MySqlClient.Driver.GetResult(Int32 statementId, Int32& affectedRows, Int64& insertedId)
   在 MySql.Data.MySqlClient.Driver.NextResult(Int32 statementId, Boolean force)
   在 MySql.Data.MySqlClient.MySqlDataReader.NextResult()
   在 MySql.Data.MySqlClient.MySqlCommand.ExecuteReader(CommandBehavior behavior)
   在 MySql.Data.MySqlClient.MySqlCommand.ExecuteNonQuery()
   在 FishBll.MySqlHelper.ExecuteSqlTran(Hashtable SQLStringList) 位置 D:\Project data\zhengdong\FishBLL\MySqlHelper.cs:行号 830
15:58:03.461  异常信息：Unknown column 'FishMealId' in 'field list'
  堆栈信息:   在 MySql.Data.MySqlClient.MySqlStream.ReadPacket()
   在 MySql.Data.MySqlClient.NativeDriver.GetResult(Int32& affectedRow, Int64& insertedId)
   在 MySql.Data.MySqlClient.Driver.GetResult(Int32 statementId, Int32& affectedRows, Int64& insertedId)
   在 MySql.Data.MySqlClient.Driver.NextResult(Int32 statementId, Boolean force)
   在 MySql.Data.MySqlClient.MySqlDataReader.NextResult()
   在 MySql.Data.MySqlClient.MySqlCommand.ExecuteReader(CommandBehavior behavior)
   在 MySql.Data.MySqlClient.MySqlCommand.ExecuteNonQuery()
   在 FishBll.MySqlHelper.ExecuteSqlTran(Hashtable SQLStringList) 位置 D:\Project data\zhengdong\FishBLL\MySqlHelper.cs:行号 830
15:58:57.227  异常信息：Unknown column 'FishMealId' in 'field list'
  堆栈信息:   在 MySql.Data.MySqlClient.MySqlStream.ReadPacket()
   在 MySql.Data.MySqlClient.NativeDriver.GetResult(Int32& affectedRow, Int64& insertedId)
   在 MySql.Data.MySqlClient.Driver.GetResult(Int32 statementId, Int32& affectedRows, Int64& insertedId)
   在 MySql.Data.MySqlClient.Driver.NextResult(Int32 statementId, Boolean force)
   在 MySql.Data.MySqlClient.MySqlDataReader.NextResult()
   在 MySql.Data.MySqlClient.MySqlCommand.ExecuteReader(CommandBehavior behavior)
   在 MySql.Data.MySqlClient.MySqlCommand.ExecuteNonQuery()
   在 FishBll.MySqlHelper.ExecuteSqlTran(Hashtable SQLStringList) 位置 D:\Project data\zhengdong\FishBLL\MySqlHelper.cs:行号 830
16:02:59.523  异常信息：Unknown column 'FishMealId' in 'field list'
  堆栈信息:   在 MySql.Data.MySqlClient.MySqlStream.ReadPacket()
   在 MySql.Data.MySqlClient.NativeDriver.GetResult(Int32& affectedRow, Int64& insertedId)
   在 MySql.Data.MySqlClient.Driver.GetResult(Int32 statementId, Int32& affectedRows, Int64& insertedId)
   在 MySql.Data.MySqlClient.Driver.NextResult(Int32 statementId, Boolean force)
   在 MySql.Data.MySqlClient.MySqlDataReader.NextResult()
   在 MySql.Data.MySqlClient.MySqlCommand.ExecuteReader(CommandBehavior behavior)
   在 MySql.Data.MySqlClient.MySqlCommand.ExecuteNonQuery()
   在 FishBll.MySqlHelper.ExecuteSqlTran(Hashtable SQLStringList) 位置 D:\Project data\zhengdong\FishBLL\MySqlHelper.cs:行号 830
