15:51:04.767  异常信息：Timeout in IO operation
  堆栈信息:   在 MySql.Data.MySqlClient.TimedStream.StopTimer()
   在 MySql.Data.MySqlClient.TimedStream.Read(Byte[] buffer, Int32 offset, Int32 count)
   在 System.IO.BufferedStream.Read(Byte[] array, Int32 offset, Int32 count)
   在 MySql.Data.MySqlClient.MySqlStream.ReadFully(Stream stream, Byte[] buffer, Int32 offset, Int32 count)
   在 MySql.Data.MySqlClient.MySqlStream.LoadPacket()
   在 MySql.Data.MySqlClient.MySqlStream.ReadPacket()
   在 MySql.Data.MySqlClient.NativeDriver.ReadOk(Boolean read)
   在 MySql.Data.MySqlClient.Driver.SetDatabase(String dbName)
   在 MySql.Data.MySqlClient.MySqlConnection.ChangeDatabase(String databaseName)
   在 MySql.Data.MySqlClient.MySqlConnection.Open()
   在 FishBll.MySqlHelper.Query(String SQLString) 位置 E:\工作\新源代码\zhengdong_07.12上\FishBLL\MySqlHelper.cs:行号 311
   在 FishBll.Dao.SetReviewDao.modelList(String userName, String strWhere) 位置 E:\工作\新源代码\zhengdong_07.12上\FishBLL\Dao\SetReviewDao.cs:行号 522
   在 FishBll.Bll.SetReviewBll.modelList(String userName, String strWhere) 位置 E:\工作\新源代码\zhengdong_07.12上\FishBLL\Bll\SetReviewBll.cs:行号 60
   在 FishClient.AnnouncementRemindThread.getModelList() 位置 E:\工作\新源代码\zhengdong_07.12上\FishClient\AnnouncementRemindThread.cs:行号 85
16:25:35.695  异常信息：You have an error in your SQL syntax; check the manual that corresponds to your MySQL server version for the right syntax to use near 'sgs_water=,sgs_fat=,sgs_ffa=,sgs_sandsalt=,sgs_tvn=0,sgs_sand=0,sgs_amine=0,labe' at line 1
  堆栈信息:   在 MySql.Data.MySqlClient.MySqlStream.ReadPacket()
   在 MySql.Data.MySqlClient.NativeDriver.GetResult(Int32& affectedRow, Int64& insertedId)
   在 MySql.Data.MySqlClient.Driver.GetResult(Int32 statementId, Int32& affectedRows, Int64& insertedId)
   在 MySql.Data.MySqlClient.Driver.NextResult(Int32 statementId, Boolean force)
   在 MySql.Data.MySqlClient.MySqlDataReader.NextResult()
   在 MySql.Data.MySqlClient.MySqlCommand.ExecuteReader(CommandBehavior behavior)
   在 MySql.Data.MySqlClient.MySqlCommand.ExecuteNonQuery()
   在 FishBll.MySqlHelper.ExecuteSqlTran(Hashtable SQLStringList) 位置 E:\工作\新源代码\zhengdong_07.12上\FishBLL\MySqlHelper.cs:行号 857
